<?xml version="1.0" encoding="UTF-8"?>
<coverage generated="1566543933573" clover="3.2.0">
  <project timestamp="1566543933574" name="All files">
    <metrics statements="147" coveredstatements="145" conditionals="20" coveredconditionals="18" methods="39" coveredmethods="39" elements="206" coveredelements="202" complexity="0" loc="147" ncloc="147" packages="4" files="12" classes="12"/>
    <package name="recursiveGenerateExportFile">
      <metrics statements="10" coveredstatements="10" conditionals="0" coveredconditionals="0" methods="2" coveredmethods="2"/>
      <file name="recursiveGenerateExportFile.ts" path="/Users/phmngocnghia/Desktop/AutoGenerateReExport/src/recursiveGenerateExportFile/recursiveGenerateExportFile.ts">
        <metrics statements="10" coveredstatements="10" conditionals="0" coveredconditionals="0" methods="2" coveredmethods="2"/>
        <line num="2" count="1" type="stmt"/>
        <line num="3" count="1" type="stmt"/>
        <line num="5" count="1" type="stmt"/>
        <line num="6" count="2" type="stmt"/>
        <line num="7" count="2" type="stmt"/>
        <line num="8" count="2" type="stmt"/>
        <line num="9" count="2" type="stmt"/>
        <line num="11" count="2" type="stmt"/>
        <line num="13" count="9" type="stmt"/>
        <line num="14" count="9" type="stmt"/>
      </file>
    </package>
    <package name="recursiveGenerateExportFile.__test__.objIsFolder">
      <metrics statements="2" coveredstatements="2" conditionals="0" coveredconditionals="0" methods="0" coveredmethods="0"/>
      <file name="isObjectADirectoryTestData.ts" path="/Users/phmngocnghia/Desktop/AutoGenerateReExport/src/recursiveGenerateExportFile/__test__/objIsFolder/isObjectADirectoryTestData.ts">
        <metrics statements="2" coveredstatements="2" conditionals="0" coveredconditionals="0" methods="0" coveredmethods="0"/>
        <line num="2" count="1" type="stmt"/>
        <line num="4" count="1" type="stmt"/>
      </file>
    </package>
    <package name="recursiveGenerateExportFile.__test__.recursiveTravelDirectory">
      <metrics statements="5" coveredstatements="5" conditionals="0" coveredconditionals="0" methods="1" coveredmethods="1"/>
      <file name="recursiveTravelDirectoryTestData.ts" path="/Users/phmngocnghia/Desktop/AutoGenerateReExport/src/recursiveGenerateExportFile/__test__/recursiveTravelDirectory/recursiveTravelDirectoryTestData.ts">
        <metrics statements="5" coveredstatements="5" conditionals="0" coveredconditionals="0" methods="1" coveredmethods="1"/>
        <line num="1" count="1" type="stmt"/>
        <line num="4" count="1" type="stmt"/>
        <line num="12" count="7" type="stmt"/>
        <line num="13" count="7" type="stmt"/>
        <line num="18" count="7" type="stmt"/>
      </file>
    </package>
    <package name="recursiveGenerateExportFile.utils">
      <metrics statements="130" coveredstatements="128" conditionals="20" coveredconditionals="18" methods="36" coveredmethods="36"/>
      <file name="createIndexTsFileContent.ts" path="/Users/phmngocnghia/Desktop/AutoGenerateReExport/src/recursiveGenerateExportFile/utils/createIndexTsFileContent.ts">
        <metrics statements="9" coveredstatements="9" conditionals="2" coveredconditionals="2" methods="2" coveredmethods="2"/>
        <line num="1" count="3" type="stmt"/>
        <line num="3" count="3" type="stmt"/>
        <line num="4" count="11" type="stmt"/>
        <line num="6" count="11" type="stmt"/>
        <line num="7" count="15" type="stmt"/>
        <line num="8" count="15" type="stmt"/>
        <line num="10" count="15" type="cond" truecount="2" falsecount="0"/>
        <line num="11" count="7" type="stmt"/>
        <line num="15" count="11" type="stmt"/>
      </file>
      <file name="filterFileNameByExt.ts" path="/Users/phmngocnghia/Desktop/AutoGenerateReExport/src/recursiveGenerateExportFile/utils/filterFileNameByExt.ts">
        <metrics statements="8" coveredstatements="8" conditionals="0" coveredconditionals="0" methods="2" coveredmethods="2"/>
        <line num="1" count="3" type="stmt"/>
        <line num="4" count="3" type="stmt"/>
        <line num="5" count="11" type="stmt"/>
        <line num="6" count="11" type="stmt"/>
        <line num="8" count="11" type="stmt"/>
        <line num="9" count="41" type="stmt"/>
        <line num="10" count="41" type="stmt"/>
        <line num="13" count="11" type="stmt"/>
      </file>
      <file name="generateIndexTs.ts" path="/Users/phmngocnghia/Desktop/AutoGenerateReExport/src/recursiveGenerateExportFile/utils/generateIndexTs.ts">
        <metrics statements="21" coveredstatements="21" conditionals="4" coveredconditionals="4" methods="2" coveredmethods="2"/>
        <line num="1" count="4" type="stmt"/>
        <line num="2" count="2" type="stmt"/>
        <line num="5" count="2" type="stmt"/>
        <line num="6" count="2" type="stmt"/>
        <line num="7" count="2" type="stmt"/>
        <line num="8" count="2" type="stmt"/>
        <line num="10" count="2" type="stmt"/>
        <line num="11" count="12" type="stmt"/>
        <line num="12" count="12" type="stmt"/>
        <line num="13" count="12" type="stmt"/>
        <line num="14" count="12" type="stmt"/>
        <line num="15" count="12" type="stmt"/>
        <line num="16" count="12" type="stmt"/>
        <line num="19" count="12" type="cond" truecount="2" falsecount="0"/>
        <line num="20" count="2" type="stmt"/>
        <line num="23" count="10" type="stmt"/>
        <line num="29" count="10" type="stmt"/>
        <line num="35" count="10" type="stmt"/>
        <line num="37" count="10" type="cond" truecount="2" falsecount="0"/>
        <line num="38" count="3" type="stmt"/>
        <line num="43" count="7" type="stmt"/>
      </file>
      <file name="getFileNamesInDestinationContainExport.ts" path="/Users/phmngocnghia/Desktop/AutoGenerateReExport/src/recursiveGenerateExportFile/utils/getFileNamesInDestinationContainExport.ts">
        <metrics statements="13" coveredstatements="13" conditionals="0" coveredconditionals="0" methods="7" coveredmethods="7"/>
        <line num="1" count="6" type="stmt"/>
        <line num="3" count="3" type="stmt"/>
        <line num="4" count="11" type="stmt"/>
        <line num="5" count="11" type="stmt"/>
        <line num="10" count="11" type="stmt"/>
        <line num="11" count="33" type="stmt"/>
        <line num="17" count="33" type="stmt"/>
        <line num="22" count="11" type="stmt"/>
        <line num="23" count="33" type="stmt"/>
        <line num="25" count="11" type="stmt"/>
        <line num="28" count="11" type="stmt"/>
        <line num="29" count="33" type="stmt"/>
        <line num="32" count="11" type="stmt"/>
      </file>
      <file name="getFolderNamesInDestinationContainExport.ts" path="/Users/phmngocnghia/Desktop/AutoGenerateReExport/src/recursiveGenerateExportFile/utils/getFolderNamesInDestinationContainExport.ts">
        <metrics statements="12" coveredstatements="12" conditionals="0" coveredconditionals="0" methods="7" coveredmethods="7"/>
        <line num="1" count="6" type="stmt"/>
        <line num="3" count="3" type="stmt"/>
        <line num="4" count="11" type="stmt"/>
        <line num="5" count="11" type="stmt"/>
        <line num="6" count="11" type="stmt"/>
        <line num="13" count="11" type="stmt"/>
        <line num="14" count="14" type="stmt"/>
        <line num="21" count="14" type="stmt"/>
        <line num="26" count="14" type="stmt"/>
        <line num="27" count="11" type="stmt"/>
        <line num="30" count="14" type="stmt"/>
        <line num="33" count="11" type="stmt"/>
      </file>
      <file name="isFileContainExport.ts" path="/Users/phmngocnghia/Desktop/AutoGenerateReExport/src/recursiveGenerateExportFile/utils/isFileContainExport.ts">
        <metrics statements="22" coveredstatements="22" conditionals="4" coveredconditionals="3" methods="6" coveredmethods="6"/>
        <line num="1" count="5" type="stmt"/>
        <line num="2" count="5" type="stmt"/>
        <line num="3" count="5" type="stmt"/>
        <line num="4" count="5" type="stmt"/>
        <line num="5" count="5" type="stmt"/>
        <line num="10" count="5" type="stmt"/>
        <line num="11" count="53" type="stmt"/>
        <line num="12" count="53" type="stmt"/>
        <line num="17" count="53" type="stmt"/>
        <line num="18" count="53" type="stmt"/>
        <line num="19" count="53" type="stmt"/>
        <line num="20" count="53" type="stmt"/>
        <line num="22" count="48" type="stmt"/>
        <line num="30" count="39" type="stmt"/>
        <line num="34" count="11" type="cond" truecount="2" falsecount="0"/>
        <line num="35" count="9" type="stmt"/>
        <line num="41" count="1" type="cond" truecount="1" falsecount="1"/>
        <line num="42" count="1" type="stmt"/>
        <line num="48" count="1" type="stmt"/>
        <line num="53" count="9" type="stmt"/>
        <line num="56" count="39" type="stmt"/>
        <line num="58" count="14" type="stmt"/>
      </file>
      <file name="isFolderContainExport.ts" path="/Users/phmngocnghia/Desktop/AutoGenerateReExport/src/recursiveGenerateExportFile/utils/isFolderContainExport.ts">
        <metrics statements="11" coveredstatements="10" conditionals="2" coveredconditionals="2" methods="3" coveredmethods="3"/>
        <line num="1" count="6" type="stmt"/>
        <line num="2" count="3" type="stmt"/>
        <line num="4" count="3" type="stmt"/>
        <line num="5" count="14" type="stmt"/>
        <line num="6" count="14" type="stmt"/>
        <line num="7" count="14" type="stmt"/>
        <line num="13" count="14" type="stmt"/>
        <line num="16" count="14" type="cond" truecount="2" falsecount="0"/>
        <line num="20" count="3" type="stmt"/>
        <line num="23" count="14" type="stmt"/>
        <line num="25" count="0" type="stmt"/>
      </file>
      <file name="isObjectADirectory.ts" path="/Users/phmngocnghia/Desktop/AutoGenerateReExport/src/recursiveGenerateExportFile/utils/isObjectADirectory.ts">
        <metrics statements="8" coveredstatements="8" conditionals="0" coveredconditionals="0" methods="1" coveredmethods="1"/>
        <line num="1" count="3" type="stmt"/>
        <line num="2" count="3" type="stmt"/>
        <line num="11" count="3" type="stmt"/>
        <line num="12" count="106" type="stmt"/>
        <line num="13" count="106" type="stmt"/>
        <line num="15" count="106" type="stmt"/>
        <line num="16" count="106" type="stmt"/>
        <line num="17" count="106" type="stmt"/>
      </file>
      <file name="recursiveTravelDirectory.ts" path="/Users/phmngocnghia/Desktop/AutoGenerateReExport/src/recursiveGenerateExportFile/utils/recursiveTravelDirectory.ts">
        <metrics statements="26" coveredstatements="25" conditionals="8" coveredconditionals="7" methods="6" coveredmethods="6"/>
        <line num="1" count="2" type="stmt"/>
        <line num="2" count="2" type="stmt"/>
        <line num="6" count="2" type="stmt"/>
        <line num="17" count="2" type="stmt"/>
        <line num="18" count="16" type="stmt"/>
        <line num="19" count="32" type="cond" truecount="2" falsecount="0"/>
        <line num="20" count="16" type="stmt"/>
        <line num="21" count="32" type="cond" truecount="2" falsecount="0"/>
        <line num="23" count="16" type="stmt"/>
        <line num="24" count="16" type="stmt"/>
        <line num="25" count="16" type="cond" truecount="1" falsecount="1"/>
        <line num="26" count="0" type="stmt"/>
        <line num="30" count="16" type="stmt"/>
        <line num="31" count="52" type="stmt"/>
        <line num="34" count="16" type="stmt"/>
        <line num="35" count="52" type="stmt"/>
        <line num="39" count="16" type="cond" truecount="2" falsecount="0"/>
        <line num="40" count="8" type="stmt"/>
        <line num="46" count="8" type="stmt"/>
        <line num="47" count="8" type="stmt"/>
        <line num="51" count="8" type="stmt"/>
        <line num="52" count="16" type="stmt"/>
        <line num="53" count="13" type="stmt"/>
        <line num="70" count="8" type="stmt"/>
        <line num="71" count="8" type="stmt"/>
        <line num="77" count="8" type="stmt"/>
      </file>
    </package>
  </project>
</coverage>
