{"/Users/phmngocnghia/Desktop/AutoGenerateReExport/src/recursiveGenerateExportFile/recursiveGenerateExportFile.ts": {"path":"/Users/phmngocnghia/Desktop/AutoGenerateReExport/src/recursiveGenerateExportFile/recursiveGenerateExportFile.ts","statementMap":{"0":{"start":{"line":2,"column":0},"end":{"line":2,"column":76}},"1":{"start":{"line":3,"column":0},"end":{"line":3,"column":58}},"2":{"start":{"line":5,"column":13},"end":{"line":25,"column":2}},"3":{"start":{"line":6,"column":2},"end":{"line":6,"column":15}},"4":{"start":{"line":7,"column":2},"end":{"line":7,"column":10}},"5":{"start":{"line":8,"column":2},"end":{"line":8,"column":18}},"6":{"start":{"line":9,"column":2},"end":{"line":9,"column":24}},"7":{"start":{"line":11,"column":2},"end":{"line":24,"column":5}},"8":{"start":{"line":13,"column":23},"end":{"line":13,"column":32}},"9":{"start":{"line":13,"column":34},"end":{"line":13,"column":44}},"10":{"start":{"line":13,"column":46},"end":{"line":13,"column":62}},"11":{"start":{"line":14,"column":6},"end":{"line":21,"column":9}}},"fnMap":{"0":{"name":"(anonymous_0)","decl":{"start":{"line":5,"column":43},"end":{"line":5,"column":44}},"loc":{"start":{"line":10,"column":33},"end":{"line":25,"column":1}}},"1":{"name":"(anonymous_1)","decl":{"start":{"line":13,"column":20},"end":{"line":13,"column":21}},"loc":{"start":{"line":13,"column":64},"end":{"line":22,"column":5}}}},"branchMap":{},"s":{"0":1,"1":1,"2":1,"3":2,"4":2,"5":2,"6":2,"7":2,"8":9,"9":9,"10":9,"11":9},"f":{"0":2,"1":9},"b":{}}
,"/Users/phmngocnghia/Desktop/AutoGenerateReExport/src/recursiveGenerateExportFile/__test__/objIsFolder/isObjectADirectoryTestData.ts": {"path":"/Users/phmngocnghia/Desktop/AutoGenerateReExport/src/recursiveGenerateExportFile/__test__/objIsFolder/isObjectADirectoryTestData.ts","statementMap":{"0":{"start":{"line":2,"column":0},"end":{"line":2,"column":29}},"1":{"start":{"line":4,"column":13},"end":{"line":21,"column":2}}},"fnMap":{},"branchMap":{},"s":{"0":1,"1":1},"f":{},"b":{}}
,"/Users/phmngocnghia/Desktop/AutoGenerateReExport/src/recursiveGenerateExportFile/__test__/recursiveTravelDirectory/recursiveTravelDirectoryTestData.ts": {"path":"/Users/phmngocnghia/Desktop/AutoGenerateReExport/src/recursiveGenerateExportFile/__test__/recursiveTravelDirectory/recursiveTravelDirectoryTestData.ts","statementMap":{"0":{"start":{"line":1,"column":0},"end":{"line":1,"column":29}},"1":{"start":{"line":4,"column":11},"end":{"line":23,"column":3}},"2":{"start":{"line":12,"column":9},"end":{"line":12,"column":18}},"3":{"start":{"line":12,"column":20},"end":{"line":12,"column":36}},"4":{"start":{"line":12,"column":38},"end":{"line":12,"column":48}},"5":{"start":{"line":13,"column":26},"end":{"line":16,"column":null}},"6":{"start":{"line":18,"column":2},"end":{"line":22,"column":4}}},"fnMap":{"0":{"name":"(anonymous_0)","decl":{"start":{"line":12,"column":6},"end":{"line":12,"column":7}},"loc":{"start":{"line":12,"column":50},"end":{"line":23,"column":1}}}},"branchMap":{},"s":{"0":1,"1":1,"2":7,"3":7,"4":7,"5":7,"6":7},"f":{"0":7},"b":{}}
,"/Users/phmngocnghia/Desktop/AutoGenerateReExport/src/recursiveGenerateExportFile/utils/createIndexTsFileContent.ts": {"path":"/Users/phmngocnghia/Desktop/AutoGenerateReExport/src/recursiveGenerateExportFile/utils/createIndexTsFileContent.ts","statementMap":{"0":{"start":{"line":1,"column":0},"end":{"line":1,"column":29}},"1":{"start":{"line":3,"column":13},"end":{"line":16,"column":2}},"2":{"start":{"line":4,"column":20},"end":{"line":4,"column":22}},"3":{"start":{"line":6,"column":2},"end":{"line":13,"column":5}},"4":{"start":{"line":7,"column":45},"end":{"line":7,"column":86}},"5":{"start":{"line":8,"column":4},"end":{"line":8,"column":75}},"6":{"start":{"line":10,"column":4},"end":{"line":12,"column":null}},"7":{"start":{"line":11,"column":6},"end":{"line":11,"column":26}},"8":{"start":{"line":15,"column":2},"end":{"line":15,"column":21}}},"fnMap":{"0":{"name":"(anonymous_0)","decl":{"start":{"line":3,"column":40},"end":{"line":3,"column":41}},"loc":{"start":{"line":3,"column":77},"end":{"line":16,"column":1}}},"1":{"name":"(anonymous_1)","decl":{"start":{"line":6,"column":37},"end":{"line":6,"column":38}},"loc":{"start":{"line":6,"column":69},"end":{"line":13,"column":3}}}},"branchMap":{"0":{"loc":{"start":{"line":10,"column":4},"end":{"line":12,"column":null}},"type":"if","locations":[{"start":{"line":10,"column":4},"end":{"line":12,"column":null}},{"start":{"line":10,"column":4},"end":{"line":12,"column":null}}]}},"s":{"0":3,"1":3,"2":11,"3":11,"4":15,"5":15,"6":15,"7":7,"8":11},"f":{"0":11,"1":15},"b":{"0":[7,8]}}
,"/Users/phmngocnghia/Desktop/AutoGenerateReExport/src/recursiveGenerateExportFile/utils/filterFileNameByExt.ts": {"path":"/Users/phmngocnghia/Desktop/AutoGenerateReExport/src/recursiveGenerateExportFile/utils/filterFileNameByExt.ts","statementMap":{"0":{"start":{"line":1,"column":0},"end":{"line":1,"column":29}},"1":{"start":{"line":4,"column":13},"end":{"line":14,"column":2}},"2":{"start":{"line":5,"column":2},"end":{"line":5,"column":11}},"3":{"start":{"line":6,"column":2},"end":{"line":6,"column":10}},"4":{"start":{"line":8,"column":28},"end":{"line":11,"column":4}},"5":{"start":{"line":9,"column":20},"end":{"line":9,"column":59}},"6":{"start":{"line":10,"column":4},"end":{"line":10,"column":38}},"7":{"start":{"line":13,"column":2},"end":{"line":13,"column":27}}},"fnMap":{"0":{"name":"(anonymous_0)","decl":{"start":{"line":4,"column":35},"end":{"line":4,"column":36}},"loc":{"start":{"line":7,"column":22},"end":{"line":14,"column":1}}},"1":{"name":"(anonymous_1)","decl":{"start":{"line":8,"column":45},"end":{"line":8,"column":53}},"loc":{"start":{"line":8,"column":53},"end":{"line":11,"column":3}}}},"branchMap":{},"s":{"0":3,"1":3,"2":11,"3":11,"4":11,"5":41,"6":41,"7":11},"f":{"0":11,"1":41},"b":{}}
,"/Users/phmngocnghia/Desktop/AutoGenerateReExport/src/recursiveGenerateExportFile/utils/generateIndexTs.ts": {"path":"/Users/phmngocnghia/Desktop/AutoGenerateReExport/src/recursiveGenerateExportFile/utils/generateIndexTs.ts","statementMap":{"0":{"start":{"line":1,"column":0},"end":{"line":1,"column":25}},"1":{"start":{"line":2,"column":0},"end":{"line":2,"column":29}},"2":{"start":{"line":5,"column":0},"end":{"line":5,"column":60}},"3":{"start":{"line":6,"column":0},"end":{"line":6,"column":70}},"4":{"start":{"line":7,"column":0},"end":{"line":7,"column":95}},"5":{"start":{"line":8,"column":0},"end":{"line":8,"column":99}},"6":{"start":{"line":10,"column":13},"end":{"line":47,"column":2}},"7":{"start":{"line":11,"column":2},"end":{"line":11,"column":10}},"8":{"start":{"line":12,"column":2},"end":{"line":12,"column":21}},"9":{"start":{"line":13,"column":2},"end":{"line":13,"column":16}},"10":{"start":{"line":14,"column":2},"end":{"line":14,"column":18}},"11":{"start":{"line":15,"column":2},"end":{"line":15,"column":17}},"12":{"start":{"line":16,"column":2},"end":{"line":16,"column":24}},"13":{"start":{"line":19,"column":2},"end":{"line":21,"column":null}},"14":{"start":{"line":19,"column":59},"end":{"line":19,"column":103}},"15":{"start":{"line":20,"column":4},"end":{"line":20,"column":10}},"16":{"start":{"line":23,"column":8},"end":{"line":26,"column":null}},"17":{"start":{"line":29,"column":38},"end":{"line":32,"column":null}},"18":{"start":{"line":29,"column":8},"end":{"line":29,"column":38}},"19":{"start":{"line":35,"column":8},"end":{"line":35,"column":82}},"20":{"start":{"line":37,"column":2},"end":{"line":39,"column":null}},"21":{"start":{"line":38,"column":4},"end":{"line":38,"column":10}},"22":{"start":{"line":43,"column":2},"end":{"line":46,"column":4}}},"fnMap":{"0":{"name":"(anonymous_12)","decl":{"start":{"line":10,"column":31},"end":{"line":10,"column":38}},"loc":{"start":{"line":17,"column":24},"end":{"line":47,"column":2}}},"1":{"name":"(anonymous_15)","decl":{"start":{"line":19,"column":34},"end":{"line":19,"column":55}},"loc":{"start":{"line":19,"column":55},"end":{"line":19,"column":80}}}},"branchMap":{"0":{"loc":{"start":{"line":19,"column":2},"end":{"line":21,"column":null}},"type":"if","locations":[{"start":{"line":19,"column":2},"end":{"line":21,"column":null}},{"start":{"line":19,"column":2},"end":{"line":21,"column":null}}]},"1":{"loc":{"start":{"line":37,"column":2},"end":{"line":39,"column":null}},"type":"if","locations":[{"start":{"line":37,"column":2},"end":{"line":39,"column":null}},{"start":{"line":37,"column":2},"end":{"line":39,"column":null}}]}},"s":{"0":4,"1":2,"2":2,"3":2,"4":2,"5":2,"6":2,"7":12,"8":12,"9":12,"10":12,"11":12,"12":12,"13":12,"14":6,"15":2,"16":10,"17":10,"18":10,"19":10,"20":10,"21":3,"22":7},"f":{"0":12,"1":6},"b":{"0":[2,10],"1":[3,7]}}
,"/Users/phmngocnghia/Desktop/AutoGenerateReExport/src/recursiveGenerateExportFile/utils/getFileNamesInDestinationContainExport.ts": {"path":"/Users/phmngocnghia/Desktop/AutoGenerateReExport/src/recursiveGenerateExportFile/utils/getFileNamesInDestinationContainExport.ts","statementMap":{"0":{"start":{"line":1,"column":0},"end":{"line":1,"column":60}},"1":{"start":{"line":3,"column":13},"end":{"line":33,"column":5}},"2":{"start":{"line":4,"column":2},"end":{"line":4,"column":11}},"3":{"start":{"line":5,"column":2},"end":{"line":5,"column":17}},"4":{"start":{"line":10,"column":2},"end":{"line":33,"column":5}},"5":{"start":{"line":10,"column":27},"end":{"line":33,"column":4}},"6":{"start":{"line":11,"column":10},"end":{"line":19,"column":8}},"7":{"start":{"line":11,"column":61},"end":{"line":19,"column":7}},"8":{"start":{"line":17,"column":8},"end":{"line":17,"column":21}},"9":{"start":{"line":22,"column":10},"end":{"line":24,"column":6}},"10":{"start":{"line":23,"column":9},"end":{"line":23,"column":40}},"11":{"start":{"line":23,"column":47},"end":{"line":23,"column":null}},"12":{"start":{"line":25,"column":39},"end":{"line":25,"column":null}},"13":{"start":{"line":25,"column":10},"end":{"line":25,"column":null}},"14":{"start":{"line":28,"column":10},"end":{"line":30,"column":6}},"15":{"start":{"line":29,"column":11},"end":{"line":29,"column":null}},"16":{"start":{"line":32,"column":4},"end":{"line":32,"column":42}}},"fnMap":{"0":{"name":"(anonymous_12)","decl":{"start":{"line":3,"column":54},"end":{"line":3,"column":55}},"loc":{"start":{"line":9,"column":1},"end":{"line":10,"column":6}}},"1":{"name":"(anonymous_13)","decl":{"start":{"line":10,"column":14},"end":{"line":10,"column":20}},"loc":{"start":{"line":10,"column":27},"end":{"line":33,"column":4}}},"2":{"name":"(anonymous_14)","decl":{"start":{"line":10,"column":27},"end":{"line":10,"column":null}},"loc":{"start":{"line":10,"column":27},"end":{"line":33,"column":4}}},"3":{"name":"(anonymous_16)","decl":{"start":{"line":11,"column":49},"end":{"line":11,"column":57}},"loc":{"start":{"line":11,"column":57},"end":{"line":11,"column":62}}},"4":{"name":"(anonymous_17)","decl":{"start":{"line":16,"column":14},"end":{"line":16,"column":19}},"loc":{"start":{"line":16,"column":19},"end":{"line":18,"column":7}}},"5":{"name":"(anonymous_18)","decl":{"start":{"line":23,"column":6},"end":{"line":23,"column":7}},"loc":{"start":{"line":23,"column":42},"end":{"line":23,"column":78}}},"6":{"name":"(anonymous_19)","decl":{"start":{"line":29,"column":6},"end":{"line":29,"column":7}},"loc":{"start":{"line":29,"column":7},"end":{"line":29,"column":18}}}},"branchMap":{},"s":{"0":6,"1":3,"2":11,"3":11,"4":11,"5":11,"6":11,"7":33,"8":33,"9":11,"10":33,"11":33,"12":11,"13":11,"14":11,"15":33,"16":11},"f":{"0":11,"1":11,"2":11,"3":33,"4":33,"5":33,"6":33},"b":{}}
,"/Users/phmngocnghia/Desktop/AutoGenerateReExport/src/recursiveGenerateExportFile/utils/getFolderNamesInDestinationContainExport.ts": {"path":"/Users/phmngocnghia/Desktop/AutoGenerateReExport/src/recursiveGenerateExportFile/utils/getFolderNamesInDestinationContainExport.ts","statementMap":{"0":{"start":{"line":1,"column":0},"end":{"line":1,"column":61}},"1":{"start":{"line":3,"column":13},"end":{"line":34,"column":null}},"2":{"start":{"line":4,"column":2},"end":{"line":4,"column":13}},"3":{"start":{"line":5,"column":2},"end":{"line":5,"column":17}},"4":{"start":{"line":6,"column":2},"end":{"line":6,"column":14}},"5":{"start":{"line":13,"column":3},"end":{"line":34,"column":null}},"6":{"start":{"line":13,"column":29},"end":{"line":34,"column":4}},"7":{"start":{"line":14,"column":10},"end":{"line":23,"column":null}},"8":{"start":{"line":14,"column":67},"end":{"line":23,"column":7}},"9":{"start":{"line":21,"column":8},"end":{"line":21,"column":null}},"10":{"start":{"line":26,"column":10},"end":{"line":26,"column":null}},"11":{"start":{"line":26,"column":52},"end":{"line":26,"column":83}},"12":{"start":{"line":26,"column":87},"end":{"line":26,"column":119}},"13":{"start":{"line":27,"column":41},"end":{"line":27,"column":null}},"14":{"start":{"line":27,"column":10},"end":{"line":27,"column":null}},"15":{"start":{"line":30,"column":10},"end":{"line":30,"column":null}},"16":{"start":{"line":30,"column":84},"end":{"line":30,"column":105}},"17":{"start":{"line":33,"column":4},"end":{"line":33,"column":null}}},"fnMap":{"0":{"name":"(anonymous_12)","decl":{"start":{"line":3,"column":56},"end":{"line":3,"column":57}},"loc":{"start":{"line":11,"column":1},"end":{"line":13,"column":7}}},"1":{"name":"(anonymous_13)","decl":{"start":{"line":13,"column":15},"end":{"line":13,"column":22}},"loc":{"start":{"line":13,"column":29},"end":{"line":34,"column":4}}},"2":{"name":"(anonymous_14)","decl":{"start":{"line":13,"column":29},"end":{"line":13,"column":null}},"loc":{"start":{"line":13,"column":29},"end":{"line":34,"column":4}}},"3":{"name":"(anonymous_16)","decl":{"start":{"line":14,"column":53},"end":{"line":14,"column":63}},"loc":{"start":{"line":14,"column":63},"end":{"line":14,"column":68}}},"4":{"name":"(anonymous_17)","decl":{"start":{"line":20,"column":14},"end":{"line":20,"column":19}},"loc":{"start":{"line":20,"column":19},"end":{"line":22,"column":7}}},"5":{"name":"(anonymous_18)","decl":{"start":{"line":26,"column":50},"end":{"line":26,"column":51}},"loc":{"start":{"line":26,"column":84},"end":{"line":26,"column":118}}},"6":{"name":"(anonymous_19)","decl":{"start":{"line":30,"column":79},"end":{"line":30,"column":80}},"loc":{"start":{"line":30,"column":80},"end":{"line":30,"column":91}}}},"branchMap":{},"s":{"0":6,"1":3,"2":11,"3":11,"4":11,"5":11,"6":11,"7":11,"8":14,"9":14,"10":11,"11":14,"12":14,"13":11,"14":11,"15":11,"16":14,"17":11},"f":{"0":11,"1":11,"2":11,"3":14,"4":14,"5":14,"6":14},"b":{}}
,"/Users/phmngocnghia/Desktop/AutoGenerateReExport/src/recursiveGenerateExportFile/utils/isFileContainExport.ts": {"path":"/Users/phmngocnghia/Desktop/AutoGenerateReExport/src/recursiveGenerateExportFile/utils/isFileContainExport.ts","statementMap":{"0":{"start":{"line":1,"column":0},"end":{"line":1,"column":40}},"1":{"start":{"line":2,"column":0},"end":{"line":2,"column":39}},"2":{"start":{"line":3,"column":0},"end":{"line":3,"column":34}},"3":{"start":{"line":4,"column":0},"end":{"line":4,"column":29}},"4":{"start":{"line":5,"column":0},"end":{"line":5,"column":34}},"5":{"start":{"line":10,"column":13},"end":{"line":61,"column":2}},"6":{"start":{"line":11,"column":2},"end":{"line":11,"column":10}},"7":{"start":{"line":12,"column":2},"end":{"line":12,"column":17}},"8":{"start":{"line":17,"column":2},"end":{"line":60,"column":5}},"9":{"start":{"line":18,"column":4},"end":{"line":59,"column":null}},"10":{"start":{"line":19,"column":23},"end":{"line":19,"column":62}},"11":{"start":{"line":20,"column":26},"end":{"line":20,"column":59}},"12":{"start":{"line":22,"column":18},"end":{"line":26,"column":8}},"13":{"start":{"line":30,"column":6},"end":{"line":55,"column":9}},"14":{"start":{"line":34,"column":10},"end":{"line":36,"column":null}},"15":{"start":{"line":35,"column":12},"end":{"line":35,"column":30}},"16":{"start":{"line":41,"column":10},"end":{"line":43,"column":null}},"17":{"start":{"line":42,"column":12},"end":{"line":42,"column":30}},"18":{"start":{"line":48,"column":10},"end":{"line":48,"column":28}},"19":{"start":{"line":53,"column":10},"end":{"line":53,"column":28}},"20":{"start":{"line":56,"column":6},"end":{"line":56,"column":20}},"21":{"start":{"line":58,"column":6},"end":{"line":58,"column":20}}},"fnMap":{"0":{"name":"(anonymous_0)","decl":{"start":{"line":10,"column":35},"end":{"line":10,"column":36}},"loc":{"start":{"line":16,"column":1},"end":{"line":61,"column":1}}},"1":{"name":"(anonymous_1)","decl":{"start":{"line":17,"column":21},"end":{"line":17,"column":28}},"loc":{"start":{"line":17,"column":28},"end":{"line":60,"column":3}}},"2":{"name":"(anonymous_2)","decl":{"start":{"line":32,"column":30},"end":{"line":32,"column":31}},"loc":{"start":{"line":32,"column":35},"end":{"line":37,"column":9}}},"3":{"name":"(anonymous_3)","decl":{"start":{"line":40,"column":27},"end":{"line":40,"column":28}},"loc":{"start":{"line":40,"column":32},"end":{"line":44,"column":9}}},"4":{"name":"(anonymous_4)","decl":{"start":{"line":47,"column":23},"end":{"line":47,"column":24}},"loc":{"start":{"line":47,"column":25},"end":{"line":49,"column":9}}},"5":{"name":"(anonymous_5)","decl":{"start":{"line":52,"column":32},"end":{"line":52,"column":null}},"loc":{"start":{"line":52,"column":32},"end":{"line":54,"column":9}}}},"branchMap":{"0":{"loc":{"start":{"line":34,"column":10},"end":{"line":36,"column":null}},"type":"if","locations":[{"start":{"line":34,"column":10},"end":{"line":36,"column":null}},{"start":{"line":34,"column":10},"end":{"line":36,"column":null}}]},"1":{"loc":{"start":{"line":41,"column":10},"end":{"line":43,"column":null}},"type":"if","locations":[{"start":{"line":41,"column":10},"end":{"line":43,"column":null}},{"start":{"line":41,"column":10},"end":{"line":43,"column":null}}]}},"s":{"0":5,"1":5,"2":5,"3":5,"4":5,"5":5,"6":53,"7":53,"8":53,"9":53,"10":53,"11":53,"12":48,"13":39,"14":11,"15":9,"16":1,"17":1,"18":1,"19":9,"20":39,"21":14},"f":{"0":53,"1":53,"2":11,"3":1,"4":1,"5":9},"b":{"0":[9,2],"1":[1,0]}}
,"/Users/phmngocnghia/Desktop/AutoGenerateReExport/src/recursiveGenerateExportFile/utils/isFolderContainExport.ts": {"path":"/Users/phmngocnghia/Desktop/AutoGenerateReExport/src/recursiveGenerateExportFile/utils/isFolderContainExport.ts","statementMap":{"0":{"start":{"line":1,"column":0},"end":{"line":1,"column":28}},"1":{"start":{"line":2,"column":0},"end":{"line":2,"column":57}},"2":{"start":{"line":4,"column":13},"end":{"line":28,"column":null}},"3":{"start":{"line":5,"column":2},"end":{"line":5,"column":12}},"4":{"start":{"line":6,"column":2},"end":{"line":6,"column":17}},"5":{"start":{"line":7,"column":2},"end":{"line":7,"column":14}},"6":{"start":{"line":13,"column":2},"end":{"line":27,"column":null}},"7":{"start":{"line":13,"column":35},"end":{"line":27,"column":4}},"8":{"start":{"line":16,"column":9},"end":{"line":19,"column":10}},"9":{"start":{"line":16,"column":6},"end":{"line":21,"column":null}},"10":{"start":{"line":20,"column":8},"end":{"line":20,"column":null}},"11":{"start":{"line":23,"column":6},"end":{"line":23,"column":null}},"12":{"start":{"line":25,"column":6},"end":{"line":25,"column":null}}},"fnMap":{"0":{"name":"(anonymous_12)","decl":{"start":{"line":4,"column":37},"end":{"line":4,"column":38}},"loc":{"start":{"line":12,"column":1},"end":{"line":28,"column":1}}},"1":{"name":"(anonymous_13)","decl":{"start":{"line":13,"column":21},"end":{"line":13,"column":28}},"loc":{"start":{"line":13,"column":35},"end":{"line":27,"column":4}}},"2":{"name":"(anonymous_14)","decl":{"start":{"line":13,"column":35},"end":{"line":13,"column":null}},"loc":{"start":{"line":13,"column":35},"end":{"line":27,"column":4}}}},"branchMap":{"0":{"loc":{"start":{"line":16,"column":6},"end":{"line":21,"column":null}},"type":"if","locations":[{"start":{"line":16,"column":6},"end":{"line":21,"column":null}},{"start":{"line":16,"column":6},"end":{"line":21,"column":null}}]}},"s":{"0":6,"1":3,"2":3,"3":14,"4":14,"5":14,"6":14,"7":14,"8":14,"9":14,"10":3,"11":14,"12":0},"f":{"0":14,"1":14,"2":14},"b":{"0":[3,11]}}
,"/Users/phmngocnghia/Desktop/AutoGenerateReExport/src/recursiveGenerateExportFile/utils/isObjectADirectory.ts": {"path":"/Users/phmngocnghia/Desktop/AutoGenerateReExport/src/recursiveGenerateExportFile/utils/isObjectADirectory.ts","statementMap":{"0":{"start":{"line":1,"column":0},"end":{"line":1,"column":25}},"1":{"start":{"line":2,"column":0},"end":{"line":2,"column":29}},"2":{"start":{"line":12,"column":2},"end":{"line":12,"column":11}},"3":{"start":{"line":13,"column":2},"end":{"line":13,"column":5}},"4":{"start":{"line":15,"column":18},"end":{"line":15,"column":43}},"5":{"start":{"line":16,"column":18},"end":{"line":16,"column":38}},"6":{"start":{"line":17,"column":2},"end":{"line":17,"column":31}},"7":{"start":{"line":11,"column":0},"end":{"line":11,"column":16}}},"fnMap":{"0":{"name":"isObjectADirectory","decl":{"start":{"line":11,"column":16},"end":{"line":11,"column":34}},"loc":{"start":{"line":14,"column":30},"end":{"line":18,"column":1}}}},"branchMap":{},"s":{"0":3,"1":3,"2":106,"3":106,"4":106,"5":106,"6":106,"7":3},"f":{"0":106},"b":{}}
,"/Users/phmngocnghia/Desktop/AutoGenerateReExport/src/recursiveGenerateExportFile/utils/recursiveTravelDirectory.ts": {"path":"/Users/phmngocnghia/Desktop/AutoGenerateReExport/src/recursiveGenerateExportFile/utils/recursiveTravelDirectory.ts","statementMap":{"0":{"start":{"line":1,"column":0},"end":{"line":1,"column":25}},"1":{"start":{"line":2,"column":0},"end":{"line":2,"column":29}},"2":{"start":{"line":6,"column":0},"end":{"line":6,"column":58}},"3":{"start":{"line":17,"column":13},"end":{"line":81,"column":2}},"4":{"start":{"line":18,"column":2},"end":{"line":18,"column":15}},"5":{"start":{"line":19,"column":2},"end":{"line":19,"column":40}},"6":{"start":{"line":20,"column":2},"end":{"line":20,"column":16}},"7":{"start":{"line":21,"column":2},"end":{"line":21,"column":29}},"8":{"start":{"line":23,"column":2},"end":{"line":80,"column":5}},"9":{"start":{"line":24,"column":4},"end":{"line":79,"column":7}},"10":{"start":{"line":25,"column":6},"end":{"line":27,"column":null}},"11":{"start":{"line":26,"column":8},"end":{"line":26,"column":18}},"12":{"start":{"line":30,"column":31},"end":{"line":31,"column":null}},"13":{"start":{"line":31,"column":8},"end":{"line":31,"column":null}},"14":{"start":{"line":34,"column":25},"end":{"line":35,"column":null}},"15":{"start":{"line":35,"column":15},"end":{"line":35,"column":null}},"16":{"start":{"line":39,"column":6},"end":{"line":48,"column":null}},"17":{"start":{"line":40,"column":8},"end":{"line":45,"column":11}},"18":{"start":{"line":46,"column":8},"end":{"line":46,"column":18}},"19":{"start":{"line":47,"column":8},"end":{"line":47,"column":15}},"20":{"start":{"line":51,"column":23},"end":{"line":51,"column":25}},"21":{"start":{"line":52,"column":6},"end":{"line":64,"column":null}},"22":{"start":{"line":52,"column":28},"end":{"line":52,"column":44}},"23":{"start":{"line":52,"column":24},"end":{"line":52,"column":28}},"24":{"start":{"line":53,"column":8},"end":{"line":63,"column":10}},"25":{"start":{"line":70,"column":6},"end":{"line":78,"column":9}},"26":{"start":{"line":71,"column":8},"end":{"line":76,"column":11}},"27":{"start":{"line":77,"column":8},"end":{"line":77,"column":18}}},"fnMap":{"0":{"name":"(anonymous_0)","decl":{"start":{"line":17,"column":40},"end":{"line":17,"column":41}},"loc":{"start":{"line":22,"column":34},"end":{"line":81,"column":1}}},"1":{"name":"(anonymous_1)","decl":{"start":{"line":23,"column":21},"end":{"line":23,"column":28}},"loc":{"start":{"line":23,"column":28},"end":{"line":80,"column":3}}},"2":{"name":"(anonymous_2)","decl":{"start":{"line":24,"column":39},"end":{"line":24,"column":40}},"loc":{"start":{"line":24,"column":49},"end":{"line":79,"column":5}}},"3":{"name":"(anonymous_3)","decl":{"start":{"line":30,"column":43},"end":{"line":30,"column":46}},"loc":{"start":{"line":30,"column":46},"end":{"line":31,"column":26}}},"4":{"name":"(anonymous_4)","decl":{"start":{"line":35,"column":8},"end":{"line":35,"column":11}},"loc":{"start":{"line":35,"column":11},"end":{"line":35,"column":16}}},"5":{"name":"(anonymous_5)","decl":{"start":{"line":70,"column":33},"end":{"line":70,"column":null}},"loc":{"start":{"line":70,"column":33},"end":{"line":78,"column":7}}}},"branchMap":{"0":{"loc":{"start":{"line":19,"column":2},"end":{"line":19,"column":40}},"type":"cond-expr","locations":[{"start":{"line":19,"column":2},"end":{"line":19,"column":40}},{"start":{"line":19,"column":2},"end":{"line":19,"column":40}}]},"1":{"loc":{"start":{"line":21,"column":2},"end":{"line":21,"column":29}},"type":"cond-expr","locations":[{"start":{"line":21,"column":2},"end":{"line":21,"column":29}},{"start":{"line":21,"column":2},"end":{"line":21,"column":29}}]},"2":{"loc":{"start":{"line":25,"column":6},"end":{"line":27,"column":null}},"type":"if","locations":[{"start":{"line":25,"column":6},"end":{"line":27,"column":null}},{"start":{"line":25,"column":6},"end":{"line":27,"column":null}}]},"3":{"loc":{"start":{"line":39,"column":6},"end":{"line":48,"column":null}},"type":"if","locations":[{"start":{"line":39,"column":6},"end":{"line":48,"column":null}},{"start":{"line":39,"column":6},"end":{"line":48,"column":null}}]}},"s":{"0":2,"1":2,"2":2,"3":2,"4":16,"5":32,"6":16,"7":32,"8":16,"9":16,"10":16,"11":0,"12":16,"13":52,"14":16,"15":52,"16":16,"17":8,"18":8,"19":8,"20":8,"21":8,"22":16,"23":13,"24":13,"25":8,"26":8,"27":8},"f":{"0":16,"1":16,"2":16,"3":52,"4":52,"5":8},"b":{"0":[3,13],"1":[1,15],"2":[0,16],"3":[8,8]}}
}
