TN:
SF:/Users/phmngocnghia/Desktop/AutoGenerateReExport/src/recursiveGenerateExportFile/recursiveGenerateExportFile.ts
FN:5,(anonymous_0)
FN:13,(anonymous_1)
FNF:2
FNH:2
FNDA:2,(anonymous_0)
FNDA:9,(anonymous_1)
DA:2,1
DA:3,1
DA:5,1
DA:6,2
DA:7,2
DA:8,2
DA:9,2
DA:11,2
DA:13,9
DA:14,9
LF:10
LH:10
BRF:0
BRH:0
end_of_record
TN:
SF:/Users/phmngocnghia/Desktop/AutoGenerateReExport/src/recursiveGenerateExportFile/__test__/objIsFolder/isObjectADirectoryTestData.ts
FNF:0
FNH:0
DA:2,1
DA:4,1
LF:2
LH:2
BRF:0
BRH:0
end_of_record
TN:
SF:/Users/phmngocnghia/Desktop/AutoGenerateReExport/src/recursiveGenerateExportFile/__test__/recursiveTravelDirectory/recursiveTravelDirectoryTestData.ts
FN:12,(anonymous_0)
FNF:1
FNH:1
FNDA:7,(anonymous_0)
DA:1,1
DA:4,1
DA:12,7
DA:13,7
DA:18,7
LF:5
LH:5
BRF:0
BRH:0
end_of_record
TN:
SF:/Users/phmngocnghia/Desktop/AutoGenerateReExport/src/recursiveGenerateExportFile/utils/createIndexTsFileContent.ts
FN:3,(anonymous_0)
FN:6,(anonymous_1)
FNF:2
FNH:2
FNDA:11,(anonymous_0)
FNDA:15,(anonymous_1)
DA:1,3
DA:3,3
DA:4,11
DA:6,11
DA:7,15
DA:8,15
DA:10,15
DA:11,7
DA:15,11
LF:9
LH:9
BRDA:10,0,0,7
BRDA:10,0,1,8
BRF:2
BRH:2
end_of_record
TN:
SF:/Users/phmngocnghia/Desktop/AutoGenerateReExport/src/recursiveGenerateExportFile/utils/filterFileNameByExt.ts
FN:4,(anonymous_0)
FN:8,(anonymous_1)
FNF:2
FNH:2
FNDA:11,(anonymous_0)
FNDA:41,(anonymous_1)
DA:1,3
DA:4,3
DA:5,11
DA:6,11
DA:8,11
DA:9,41
DA:10,41
DA:13,11
LF:8
LH:8
BRF:0
BRH:0
end_of_record
TN:
SF:/Users/phmngocnghia/Desktop/AutoGenerateReExport/src/recursiveGenerateExportFile/utils/generateIndexTs.ts
FN:10,(anonymous_12)
FN:19,(anonymous_15)
FNF:2
FNH:2
FNDA:12,(anonymous_12)
FNDA:6,(anonymous_15)
DA:1,4
DA:2,2
DA:5,2
DA:6,2
DA:7,2
DA:8,2
DA:10,2
DA:11,12
DA:12,12
DA:13,12
DA:14,12
DA:15,12
DA:16,12
DA:19,12
DA:20,2
DA:23,10
DA:29,10
DA:35,10
DA:37,10
DA:38,3
DA:43,7
LF:21
LH:21
BRDA:19,0,0,2
BRDA:19,0,1,10
BRDA:37,1,0,3
BRDA:37,1,1,7
BRF:4
BRH:4
end_of_record
TN:
SF:/Users/phmngocnghia/Desktop/AutoGenerateReExport/src/recursiveGenerateExportFile/utils/getFileNamesInDestinationContainExport.ts
FN:3,(anonymous_12)
FN:10,(anonymous_13)
FN:10,(anonymous_14)
FN:11,(anonymous_16)
FN:16,(anonymous_17)
FN:23,(anonymous_18)
FN:29,(anonymous_19)
FNF:7
FNH:7
FNDA:11,(anonymous_12)
FNDA:11,(anonymous_13)
FNDA:11,(anonymous_14)
FNDA:33,(anonymous_16)
FNDA:33,(anonymous_17)
FNDA:33,(anonymous_18)
FNDA:33,(anonymous_19)
DA:1,6
DA:3,3
DA:4,11
DA:5,11
DA:10,11
DA:11,33
DA:17,33
DA:22,11
DA:23,33
DA:25,11
DA:28,11
DA:29,33
DA:32,11
LF:13
LH:13
BRF:0
BRH:0
end_of_record
TN:
SF:/Users/phmngocnghia/Desktop/AutoGenerateReExport/src/recursiveGenerateExportFile/utils/getFolderNamesInDestinationContainExport.ts
FN:3,(anonymous_12)
FN:13,(anonymous_13)
FN:13,(anonymous_14)
FN:14,(anonymous_16)
FN:20,(anonymous_17)
FN:26,(anonymous_18)
FN:30,(anonymous_19)
FNF:7
FNH:7
FNDA:11,(anonymous_12)
FNDA:11,(anonymous_13)
FNDA:11,(anonymous_14)
FNDA:14,(anonymous_16)
FNDA:14,(anonymous_17)
FNDA:14,(anonymous_18)
FNDA:14,(anonymous_19)
DA:1,6
DA:3,3
DA:4,11
DA:5,11
DA:6,11
DA:13,11
DA:14,14
DA:21,14
DA:26,14
DA:27,11
DA:30,14
DA:33,11
LF:12
LH:12
BRF:0
BRH:0
end_of_record
TN:
SF:/Users/phmngocnghia/Desktop/AutoGenerateReExport/src/recursiveGenerateExportFile/utils/isFileContainExport.ts
FN:10,(anonymous_0)
FN:17,(anonymous_1)
FN:32,(anonymous_2)
FN:40,(anonymous_3)
FN:47,(anonymous_4)
FN:52,(anonymous_5)
FNF:6
FNH:6
FNDA:53,(anonymous_0)
FNDA:53,(anonymous_1)
FNDA:11,(anonymous_2)
FNDA:1,(anonymous_3)
FNDA:1,(anonymous_4)
FNDA:9,(anonymous_5)
DA:1,5
DA:2,5
DA:3,5
DA:4,5
DA:5,5
DA:10,5
DA:11,53
DA:12,53
DA:17,53
DA:18,53
DA:19,53
DA:20,53
DA:22,48
DA:30,39
DA:34,11
DA:35,9
DA:41,1
DA:42,1
DA:48,1
DA:53,9
DA:56,39
DA:58,14
LF:22
LH:22
BRDA:34,0,0,9
BRDA:34,0,1,2
BRDA:41,1,0,1
BRDA:41,1,1,0
BRF:4
BRH:3
end_of_record
TN:
SF:/Users/phmngocnghia/Desktop/AutoGenerateReExport/src/recursiveGenerateExportFile/utils/isFolderContainExport.ts
FN:4,(anonymous_12)
FN:13,(anonymous_13)
FN:13,(anonymous_14)
FNF:3
FNH:3
FNDA:14,(anonymous_12)
FNDA:14,(anonymous_13)
FNDA:14,(anonymous_14)
DA:1,6
DA:2,3
DA:4,3
DA:5,14
DA:6,14
DA:7,14
DA:13,14
DA:16,14
DA:20,3
DA:23,14
DA:25,0
LF:11
LH:10
BRDA:16,0,0,3
BRDA:16,0,1,11
BRF:2
BRH:2
end_of_record
TN:
SF:/Users/phmngocnghia/Desktop/AutoGenerateReExport/src/recursiveGenerateExportFile/utils/isObjectADirectory.ts
FN:11,isObjectADirectory
FNF:1
FNH:1
FNDA:106,isObjectADirectory
DA:1,3
DA:2,3
DA:11,3
DA:12,106
DA:13,106
DA:15,106
DA:16,106
DA:17,106
LF:8
LH:8
BRF:0
BRH:0
end_of_record
TN:
SF:/Users/phmngocnghia/Desktop/AutoGenerateReExport/src/recursiveGenerateExportFile/utils/recursiveTravelDirectory.ts
FN:17,(anonymous_0)
FN:23,(anonymous_1)
FN:24,(anonymous_2)
FN:30,(anonymous_3)
FN:35,(anonymous_4)
FN:70,(anonymous_5)
FNF:6
FNH:6
FNDA:16,(anonymous_0)
FNDA:16,(anonymous_1)
FNDA:16,(anonymous_2)
FNDA:52,(anonymous_3)
FNDA:52,(anonymous_4)
FNDA:8,(anonymous_5)
DA:1,2
DA:2,2
DA:6,2
DA:17,2
DA:18,16
DA:19,32
DA:20,16
DA:21,32
DA:23,16
DA:24,16
DA:25,16
DA:26,0
DA:30,16
DA:31,52
DA:34,16
DA:35,52
DA:39,16
DA:40,8
DA:46,8
DA:47,8
DA:51,8
DA:52,16
DA:53,13
DA:70,8
DA:71,8
DA:77,8
LF:26
LH:25
BRDA:19,0,0,3
BRDA:19,0,1,13
BRDA:21,1,0,1
BRDA:21,1,1,15
BRDA:25,2,0,0
BRDA:25,2,1,16
BRDA:39,3,0,8
BRDA:39,3,1,8
BRF:8
BRH:7
end_of_record
